\BOOKMARK [0][-]{chapter.1}{1 Dominio del problema}{}% 1
\BOOKMARK [1][-]{section.1.1}{1.1 Introduzione al RAD}{chapter.1}% 2
\BOOKMARK [1][-]{section.1.2}{1.2 Scope}{chapter.1}% 3
\BOOKMARK [1][-]{section.1.3}{1.3 Contesto e panoramica del sistema}{chapter.1}% 4
\BOOKMARK [1][-]{section.1.4}{1.4 Manager di progetto e sviluppatori}{chapter.1}% 5
\BOOKMARK [1][-]{section.1.5}{1.5 Glossario}{chapter.1}% 6
\BOOKMARK [0][-]{chapter.2}{2 Analisi dei requisiti - gruppo 1}{}% 7
\BOOKMARK [1][-]{section.2.1}{2.1 Requisiti funzionali}{chapter.2}% 8
\BOOKMARK [1][-]{section.2.2}{2.2 Requisiti non funzionali}{chapter.2}% 9
\BOOKMARK [1][-]{section.2.3}{2.3 Pseudorequisiti e vincoli}{chapter.2}% 10
\BOOKMARK [0][-]{chapter.3}{3 Analisi dei requisiti - gruppo 2}{}% 11
\BOOKMARK [1][-]{section.3.1}{3.1 Requisiti funzionali}{chapter.3}% 12
\BOOKMARK [1][-]{section.3.2}{3.2 Requisiti non funzionali}{chapter.3}% 13
\BOOKMARK [1][-]{section.3.3}{3.3 Pseudorequisiti e vincoli}{chapter.3}% 14
\BOOKMARK [0][-]{chapter.4}{4 Analisi dei requisiti - gruppo 3}{}% 15
\BOOKMARK [1][-]{section.4.1}{4.1 Requisiti funzionali}{chapter.4}% 16
\BOOKMARK [1][-]{section.4.2}{4.2 Requisiti non funzionali}{chapter.4}% 17
\BOOKMARK [1][-]{section.4.3}{4.3 Pseudorequisiti e vincoli}{chapter.4}% 18
\BOOKMARK [0][-]{chapter.5}{5 Analisi dei requisiti - gruppo 4}{}% 19
\BOOKMARK [1][-]{section.5.1}{5.1 Requisiti funzionali}{chapter.5}% 20
\BOOKMARK [1][-]{section.5.2}{5.2 Requisiti non funzionali}{chapter.5}% 21
\BOOKMARK [1][-]{section.5.3}{5.3 Pseudorequisiti e vincoli}{chapter.5}% 22
\BOOKMARK [0][-]{chapter.6}{6 Analisi dei requisiti - gruppo 5}{}% 23
\BOOKMARK [1][-]{section.6.1}{6.1 Requisiti funzionali}{chapter.6}% 24
\BOOKMARK [1][-]{section.6.2}{6.2 Requisiti non funzionali}{chapter.6}% 25
\BOOKMARK [1][-]{section.6.3}{6.3 Pseudorequisiti e vincoli}{chapter.6}% 26
\BOOKMARK [0][-]{chapter.7}{7 Analisi dei requisiti - gruppo 6}{}% 27
\BOOKMARK [1][-]{section.7.1}{7.1 Requisiti funzionali}{chapter.7}% 28
\BOOKMARK [1][-]{section.7.2}{7.2 Requisiti non funzionali}{chapter.7}% 29
\BOOKMARK [1][-]{section.7.3}{7.3 Pseudorequisiti e vincoli}{chapter.7}% 30
\BOOKMARK [0][-]{chapter.8}{8 Modello del sistema - gruppo 1}{}% 31
\BOOKMARK [1][-]{section.8.1}{8.1 Attori}{chapter.8}% 32
\BOOKMARK [1][-]{section.8.2}{8.2 Casi d'uso}{chapter.8}% 33
\BOOKMARK [1][-]{section.8.3}{8.3 Diagramma dei casi d'uso}{chapter.8}% 34
\BOOKMARK [1][-]{section.8.4}{8.4 Scenari}{chapter.8}% 35
\BOOKMARK [1][-]{section.8.5}{8.5 Diagramma di sequenza}{chapter.8}% 36
\BOOKMARK [1][-]{section.8.6}{8.6 Diagramma delle attivit\340}{chapter.8}% 37
\BOOKMARK [1][-]{section.8.7}{8.7 Screen mockups}{chapter.8}% 38
\BOOKMARK [0][-]{chapter.9}{9 Modello del sistema - gruppo 2}{}% 39
\BOOKMARK [1][-]{section.9.1}{9.1 Attori}{chapter.9}% 40
\BOOKMARK [1][-]{section.9.2}{9.2 Casi d'uso}{chapter.9}% 41
\BOOKMARK [1][-]{section.9.3}{9.3 Diagramma dei casi d'uso}{chapter.9}% 42
\BOOKMARK [1][-]{section.9.4}{9.4 Scenari}{chapter.9}% 43
\BOOKMARK [1][-]{section.9.5}{9.5 Diagramma di sequenza}{chapter.9}% 44
\BOOKMARK [1][-]{section.9.6}{9.6 Diagramma delle attivit\340}{chapter.9}% 45
\BOOKMARK [1][-]{section.9.7}{9.7 Screen mockups}{chapter.9}% 46
\BOOKMARK [0][-]{chapter.10}{10 Modello del sistema - gruppo 3}{}% 47
\BOOKMARK [1][-]{section.10.1}{10.1 Attori}{chapter.10}% 48
\BOOKMARK [1][-]{section.10.2}{10.2 Casi d'uso}{chapter.10}% 49
\BOOKMARK [1][-]{section.10.3}{10.3 Diagramma dei casi d'uso}{chapter.10}% 50
\BOOKMARK [1][-]{section.10.4}{10.4 Scenari}{chapter.10}% 51
\BOOKMARK [1][-]{section.10.5}{10.5 Diagramma di sequenza}{chapter.10}% 52
\BOOKMARK [1][-]{section.10.6}{10.6 Diagramma delle attivit\340}{chapter.10}% 53
\BOOKMARK [1][-]{section.10.7}{10.7 Screen mockups}{chapter.10}% 54
\BOOKMARK [0][-]{chapter.11}{11 Modello del sistema - gruppo 4}{}% 55
\BOOKMARK [1][-]{section.11.1}{11.1 Attori}{chapter.11}% 56
\BOOKMARK [1][-]{section.11.2}{11.2 Casi d'uso}{chapter.11}% 57
\BOOKMARK [1][-]{section.11.3}{11.3 Diagramma dei casi d'uso}{chapter.11}% 58
\BOOKMARK [1][-]{section.11.4}{11.4 Scenari}{chapter.11}% 59
\BOOKMARK [1][-]{section.11.5}{11.5 Diagramma di sequenza}{chapter.11}% 60
\BOOKMARK [1][-]{section.11.6}{11.6 Diagramma delle attivit\340}{chapter.11}% 61
\BOOKMARK [1][-]{section.11.7}{11.7 Screen mockups}{chapter.11}% 62
\BOOKMARK [0][-]{chapter.12}{12 Modello del sistema - gruppo 5}{}% 63
\BOOKMARK [1][-]{section.12.1}{12.1 Attori}{chapter.12}% 64
\BOOKMARK [1][-]{section.12.2}{12.2 Casi d'uso}{chapter.12}% 65
\BOOKMARK [1][-]{section.12.3}{12.3 Diagramma dei casi d'uso}{chapter.12}% 66
\BOOKMARK [1][-]{section.12.4}{12.4 Scenari}{chapter.12}% 67
\BOOKMARK [1][-]{section.12.5}{12.5 Diagramma di sequenza}{chapter.12}% 68
\BOOKMARK [1][-]{section.12.6}{12.6 Diagramma delle attivit\340}{chapter.12}% 69
\BOOKMARK [1][-]{section.12.7}{12.7 Screen mockups}{chapter.12}% 70
\BOOKMARK [0][-]{chapter.13}{13 Modello del sistema - gruppo 6}{}% 71
\BOOKMARK [1][-]{section.13.1}{13.1 Attori}{chapter.13}% 72
\BOOKMARK [1][-]{section.13.2}{13.2 Casi d'uso}{chapter.13}% 73
\BOOKMARK [1][-]{section.13.3}{13.3 Diagramma dei casi d'uso}{chapter.13}% 74
\BOOKMARK [1][-]{section.13.4}{13.4 Scenari}{chapter.13}% 75
\BOOKMARK [1][-]{section.13.5}{13.5 Diagramma di sequenza}{chapter.13}% 76
\BOOKMARK [1][-]{section.13.6}{13.6 Diagramma delle attivit\340}{chapter.13}% 77
\BOOKMARK [1][-]{section.13.7}{13.7 Screen mockups}{chapter.13}% 78
\BOOKMARK [0][-]{chapter.14}{14 Template comandi}{}% 79
\BOOKMARK [1][-]{section.14.1}{14.1 Tabelle casi d'uso}{chapter.14}% 80
\BOOKMARK [2][-]{subsection.14.1.1}{14.1.1 Tabella due attori}{section.14.1}% 81
\BOOKMARK [2][-]{subsection.14.1.2}{14.1.2 Tabella tre attori}{section.14.1}% 82
\BOOKMARK [2][-]{subsection.14.1.3}{14.1.3 Tabella quattro attori}{section.14.1}% 83
\BOOKMARK [2][-]{subsection.14.1.4}{14.1.4 Tabella cinque attori}{section.14.1}% 84
\BOOKMARK [1][-]{section.14.2}{14.2 Immagini \(sia raster che vettoriali\)}{chapter.14}% 85
\BOOKMARK [1][-]{section.14.3}{14.3 Punti interrogativi al posto degli indici}{chapter.14}% 86
